{
  "RSpec": {
    "coverage": {
      "/Users/yijuchen/Documents/School/COSC/Software Development Practices/SDPTeam3Tester/team3/code/app/controllers/admin/home_controller.rb": [
        1,
        1,
        null
      ],
      "/Users/yijuchen/Documents/School/COSC/Software Development Practices/SDPTeam3Tester/team3/code/app/controllers/application_controller.rb": [
        1,
        1,
        null,
        1,
        null,
        1,
        null,
        1,
        342,
        56,
        null,
        null,
        null,
        1,
        null,
        null,
        1,
        1,
        null,
        null,
        1,
        null,
        7,
        null,
        null,
        1,
        14,
        null,
        14,
        0,
        0,
        null,
        14,
        7,
        4,
        null,
        null,
        null,
        null
      ],
      "/Users/yijuchen/Documents/School/COSC/Software Development Practices/SDPTeam3Tester/team3/code/app/controllers/admin/reports_controller.rb": [
        1,
        1,
        null,
        1,
        2,
        null,
        null,
        1,
        6,
        null,
        null,
        1,
        4,
        null,
        null,
        1,
        2,
        null,
        null,
        1,
        2,
        null,
        null
      ],
      "/Users/yijuchen/Documents/School/COSC/Software Development Practices/SDPTeam3Tester/team3/code/app/controllers/admin/roles_controller.rb": [
        1,
        1,
        1,
        1,
        null,
        1,
        36,
        36,
        null,
        null,
        1,
        9,
        9,
        9,
        null,
        null,
        1,
        13,
        null,
        13,
        11,
        null,
        2,
        null,
        null,
        null,
        1,
        12,
        10,
        null,
        2,
        null,
        null,
        null,
        1,
        2,
        2,
        2,
        null,
        null,
        1,
        null,
        1,
        25,
        null,
        null,
        null,
        1,
        14,
        null,
        null,
        1,
        78,
        null,
        null
      ],
      "/Users/yijuchen/Documents/School/COSC/Software Development Practices/SDPTeam3Tester/team3/code/app/controllers/admin/seating_charts_controller.rb": [
        1,
        1,
        1,
        null,
        1,
        2,
        2,
        0,
        null,
        null,
        1,
        4,
        null,
        null,
        1,
        2,
        2,
        null,
        null,
        1,
        7,
        7,
        7,
        3,
        3,
        null,
        4,
        null,
        null,
        null,
        1,
        2,
        2,
        null,
        null,
        1,
        null,
        1,
        11,
        null,
        3,
        3,
        null,
        null,
        1,
        7,
        null,
        null,
        1,
        7,
        7,
        7,
        null,
        null,
        null,
        1,
        7,
        7,
        7,
        null,
        8,
        null,
        7,
        null,
        null,
        1,
        7,
        3,
        9,
        null,
        null,
        null,
        1,
        9,
        9,
        9,
        null,
        0,
        null,
        null
      ],
      "/Users/yijuchen/Documents/School/COSC/Software Development Practices/SDPTeam3Tester/team3/code/app/controllers/admin/shows_controller.rb": [
        1,
        1,
        1,
        null,
        1,
        16,
        2,
        null,
        14,
        null,
        null,
        null,
        1,
        14,
        null,
        null,
        1,
        3,
        null,
        null,
        1,
        16,
        null,
        16,
        14,
        0,
        0,
        0,
        0,
        0,
        null,
        14,
        null,
        2,
        null,
        null,
        null,
        1,
        4,
        2,
        null,
        2,
        null,
        null,
        null,
        1,
        2,
        2,
        null,
        null,
        1,
        null,
        1,
        25,
        25,
        6,
        6,
        6,
        null,
        null,
        null,
        1,
        20,
        null,
        null,
        null,
        null
      ],
      "/Users/yijuchen/Documents/School/COSC/Software Development Practices/SDPTeam3Tester/team3/code/app/controllers/admin/ticket_layouts_controller.rb": [
        1,
        1,
        1,
        null,
        1,
        5,
        null,
        null,
        1,
        2,
        null,
        null,
        1,
        5,
        null,
        5,
        3,
        null,
        2,
        null,
        null,
        null,
        1,
        5,
        3,
        null,
        2,
        null,
        null,
        null,
        1,
        2,
        2,
        null,
        null,
        1,
        null,
        1,
        26,
        26,
        6,
        6,
        6,
        null,
        null,
        null,
        1,
        10,
        null,
        null
      ],
      "/Users/yijuchen/Documents/School/COSC/Software Development Practices/SDPTeam3Tester/team3/code/app/controllers/admin/users_controller.rb": [
        1,
        1,
        1,
        1,
        1,
        1,
        null,
        1,
        null,
        1,
        13,
        13,
        13,
        null,
        null,
        1,
        4,
        4,
        4,
        null,
        null,
        1,
        18,
        18,
        null,
        null,
        1,
        21,
        6,
        2,
        null,
        null,
        null,
        19,
        null,
        19,
        13,
        null,
        6,
        6,
        null,
        null,
        null,
        1,
        9,
        null,
        null,
        1,
        35,
        16,
        null,
        19,
        19,
        null,
        null,
        null,
        1,
        8,
        1,
        1,
        7,
        3,
        3,
        null,
        4,
        4,
        4,
        null,
        null,
        null,
        1,
        8,
        null,
        null,
        1,
        1,
        8,
        8,
        8,
        8,
        8,
        null,
        null,
        1,
        78,
        71,
        71,
        null,
        7,
        7,
        null,
        null,
        1,
        null,
        null,
        35,
        25,
        null,
        10,
        null,
        null,
        null,
        1,
        19,
        null,
        null,
        null,
        1,
        57,
        null,
        null,
        1,
        143,
        null,
        null
      ],
      "/Users/yijuchen/Documents/School/COSC/Software Development Practices/SDPTeam3Tester/team3/code/app/controllers/admin/venues_controller.rb": [
        1,
        1,
        1,
        null,
        1,
        7,
        null,
        null,
        1,
        4,
        null,
        null,
        1,
        6,
        6,
        6,
        null,
        6,
        3,
        null,
        3,
        null,
        null,
        null,
        1,
        5,
        4,
        null,
        1,
        null,
        null,
        null,
        1,
        null,
        1,
        24,
        24,
        6,
        6,
        6,
        null,
        null,
        null,
        1,
        11,
        null,
        null,
        null
      ],
      "/Users/yijuchen/Documents/School/COSC/Software Development Practices/SDPTeam3Tester/team3/code/app/controllers/checkout_controller.rb": [
        1,
        1,
        0,
        0,
        0,
        0,
        0,
        0,
        0,
        0,
        null,
        null,
        null,
        null,
        null,
        1,
        0,
        0,
        0,
        null,
        null,
        0,
        0,
        0,
        0,
        null,
        null,
        0,
        null,
        null
      ],
      "/Users/yijuchen/Documents/School/COSC/Software Development Practices/SDPTeam3Tester/team3/code/app/controllers/shows_controller.rb": [
        1,
        1,
        14,
        2,
        null,
        12,
        null,
        null,
        null,
        1,
        5,
        2,
        null,
        3,
        3,
        null,
        null,
        1,
        null,
        1,
        2,
        2,
        0,
        null,
        null
      ],
      "/Users/yijuchen/Documents/School/COSC/Software Development Practices/SDPTeam3Tester/team3/code/app/controllers/tickets_controller.rb": [
        1,
        1,
        10,
        10,
        null,
        2,
        2,
        null,
        8,
        null,
        8,
        null,
        null
      ],
      "/Users/yijuchen/Documents/School/COSC/Software Development Practices/SDPTeam3Tester/team3/code/app/controllers/users_controller.rb": [
        1,
        1,
        0,
        null,
        null,
        1,
        0,
        null,
        null
      ],
      "/Users/yijuchen/Documents/School/COSC/Software Development Practices/SDPTeam3Tester/team3/code/app/controllers/venues_controller.rb": [
        1,
        1,
        4,
        null,
        null,
        1,
        5,
        2,
        null,
        3,
        3,
        null,
        null
      ],
      "/Users/yijuchen/Documents/School/COSC/Software Development Practices/SDPTeam3Tester/team3/code/app/models/customer.rb": [
        1,
        1,
        1,
        1,
        null,
        1,
        8,
        null,
        null
      ],
      "/Users/yijuchen/Documents/School/COSC/Software Development Practices/SDPTeam3Tester/team3/code/app/models/guest.rb": [
        1,
        1,
        null,
        1,
        176,
        null,
        null,
        1,
        88,
        null,
        null,
        1,
        2,
        null,
        null,
        1,
        17,
        null,
        null,
        1,
        1,
        null,
        null
      ],
      "/Users/yijuchen/Documents/School/COSC/Software Development Practices/SDPTeam3Tester/team3/code/app/models/null_role.rb": [
        1,
        1,
        null,
        1,
        1,
        null,
        null,
        1,
        1,
        null,
        null,
        1,
        1,
        null,
        null,
        1,
        1,
        null,
        null,
        1,
        1,
        null,
        null,
        1,
        1,
        null,
        null,
        1,
        3,
        null,
        null,
        1,
        9,
        null,
        null
      ],
      "/Users/yijuchen/Documents/School/COSC/Software Development Practices/SDPTeam3Tester/team3/code/app/models/price_section.rb": [
        1,
        1,
        1,
        null,
        1,
        null
      ],
      "/Users/yijuchen/Documents/School/COSC/Software Development Practices/SDPTeam3Tester/team3/code/app/models/role.rb": [
        1,
        1,
        1,
        1,
        1,
        1,
        1,
        1,
        1,
        1,
        null,
        1,
        525,
        188,
        null,
        null,
        1,
        null
      ],
      "/Users/yijuchen/Documents/School/COSC/Software Development Practices/SDPTeam3Tester/team3/code/app/models/seat.rb": [
        1,
        1,
        1,
        1,
        1,
        null,
        1,
        1,
        null
      ],
      "/Users/yijuchen/Documents/School/COSC/Software Development Practices/SDPTeam3Tester/team3/code/app/models/show.rb": [
        1,
        1,
        null,
        1,
        1,
        1,
        1,
        1,
        1,
        1,
        1,
        1,
        null,
        1,
        1,
        1,
        1,
        1,
        null,
        1,
        null,
        1,
        1,
        null,
        1,
        322,
        322,
        322,
        322,
        null,
        null,
        1,
        177,
        1,
        null,
        null,
        1,
        null,
        1,
        10,
        10,
        20,
        null,
        10,
        null,
        null
      ],
      "/Users/yijuchen/Documents/School/COSC/Software Development Practices/SDPTeam3Tester/team3/code/app/models/ticket_layout.rb": [
        1,
        1,
        null,
        1,
        null
      ],
      "/Users/yijuchen/Documents/School/COSC/Software Development Practices/SDPTeam3Tester/team3/code/app/models/ticket.rb": [
        1,
        1,
        null,
        1,
        1,
        1,
        134,
        null,
        1,
        null,
        1,
        1,
        1,
        null,
        1,
        115,
        2,
        null,
        null,
        1,
        19,
        null,
        null,
        1,
        null,
        null,
        22,
        null,
        null,
        1,
        8,
        8,
        8,
        8,
        8,
        8,
        8,
        null,
        null,
        1,
        88,
        52,
        52,
        1,
        1,
        1,
        1,
        null,
        null,
        1,
        22,
        12,
        1,
        null,
        null,
        1,
        17,
        null,
        null
      ],
      "/Users/yijuchen/Documents/School/COSC/Software Development Practices/SDPTeam3Tester/team3/code/app/models/venue.rb": [
        1,
        1,
        1,
        1,
        1,
        1,
        null,
        1,
        1,
        1,
        null,
        1,
        1,
        null
      ],
      "/Users/yijuchen/Documents/School/COSC/Software Development Practices/SDPTeam3Tester/team3/code/app/models/seating_chart.rb": [
        1,
        1,
        1,
        1,
        1,
        null,
        1,
        1,
        1,
        null
      ],
      "/Users/yijuchen/Documents/School/COSC/Software Development Practices/SDPTeam3Tester/team3/code/app/models/shows_price_section.rb": [
        1,
        1,
        1,
        null
      ],
      "/Users/yijuchen/Documents/School/COSC/Software Development Practices/SDPTeam3Tester/team3/code/app/controllers/static_pages_controller.rb": [
        1,
        1,
        null,
        1,
        null,
        null,
        1,
        null,
        null,
        1,
        null,
        null
      ]
    },
    "timestamp": 1430883808
  }
}
